2024-04-01 22:24:34,722 - INFO - Старт ThreadPoolExecutor, количество jobs: 1
2024-04-01 22:24:34,723 - INFO - Старт воркера 1/1 для диапазона итераций 0-10000000
2024-04-01 22:24:36,327 - INFO - Завершение работы всех воркеров

2024-04-01 22:24:36,327 - INFO - Старт ThreadPoolExecutor, количество jobs: 2
2024-04-01 22:24:36,328 - INFO - Старт воркера 1/2 для диапазона итераций 0-5000000
2024-04-01 22:24:36,347 - INFO - Старт воркера 2/2 для диапазона итераций 5000000-10000000
2024-04-01 22:24:37,931 - INFO - Завершение работы всех воркеров

2024-04-01 22:24:37,932 - INFO - Старт ThreadPoolExecutor, количество jobs: 3
2024-04-01 22:24:37,932 - INFO - Старт воркера 1/3 для диапазона итераций 0-3333333
2024-04-01 22:24:37,942 - INFO - Старт воркера 2/3 для диапазона итераций 3333333-6666666
2024-04-01 22:24:38,006 - INFO - Старт воркера 3/3 для диапазона итераций 6666666-10000000
2024-04-01 22:24:39,520 - INFO - Завершение работы всех воркеров

2024-04-01 22:24:39,520 - INFO - Старт ThreadPoolExecutor, количество jobs: 4
2024-04-01 22:24:39,520 - INFO - Старт воркера 1/4 для диапазона итераций 0-2500000
2024-04-01 22:24:39,527 - INFO - Старт воркера 2/4 для диапазона итераций 2500000-5000000
2024-04-01 22:24:39,575 - INFO - Старт воркера 3/4 для диапазона итераций 5000000-7500000
2024-04-01 22:24:39,638 - INFO - Старт воркера 4/4 для диапазона итераций 7500000-10000000
2024-04-01 22:24:41,098 - INFO - Завершение работы всех воркеров

2024-04-01 22:24:41,098 - INFO - Старт ThreadPoolExecutor, количество jobs: 5
2024-04-01 22:24:41,099 - INFO - Старт воркера 1/5 для диапазона итераций 0-2000000
2024-04-01 22:24:41,109 - INFO - Старт воркера 2/5 для диапазона итераций 2000000-4000000
2024-04-01 22:24:41,188 - INFO - Старт воркера 3/5 для диапазона итераций 4000000-6000000
2024-04-01 22:24:41,410 - INFO - Старт воркера 4/5 для диапазона итераций 6000000-8000000
2024-04-01 22:24:41,616 - INFO - Старт воркера 5/5 для диапазона итераций 8000000-10000000
2024-04-01 22:24:42,693 - INFO - Завершение работы всех воркеров

2024-04-01 22:24:42,693 - INFO - Старт ThreadPoolExecutor, количество jobs: 6
2024-04-01 22:24:42,694 - INFO - Старт воркера 1/6 для диапазона итераций 0-1666666
2024-04-01 22:24:42,706 - INFO - Старт воркера 2/6 для диапазона итераций 1666666-3333332
2024-04-01 22:24:42,753 - INFO - Старт воркера 3/6 для диапазона итераций 3333332-4999998
2024-04-01 22:24:42,894 - INFO - Старт воркера 4/6 для диапазона итераций 4999998-6666664
2024-04-01 22:24:42,955 - INFO - Старт воркера 5/6 для диапазона итераций 6666664-8333330
2024-04-01 22:24:43,127 - INFO - Старт воркера 6/6 для диапазона итераций 8333330-10000000
2024-04-01 22:24:44,376 - INFO - Завершение работы всех воркеров

2024-04-01 22:24:44,376 - INFO - Старт ThreadPoolExecutor, количество jobs: 7
2024-04-01 22:24:44,376 - INFO - Старт воркера 1/7 для диапазона итераций 0-1428571
2024-04-01 22:24:44,388 - INFO - Старт воркера 2/7 для диапазона итераций 1428571-2857142
2024-04-01 22:24:44,434 - INFO - Старт воркера 3/7 для диапазона итераций 2857142-4285713
2024-04-01 22:24:44,590 - INFO - Старт воркера 4/7 для диапазона итераций 4285713-5714284
2024-04-01 22:24:44,761 - INFO - Старт воркера 5/7 для диапазона итераций 5714284-7142855
2024-04-01 22:24:45,045 - INFO - Старт воркера 6/7 для диапазона итераций 7142855-8571426
2024-04-01 22:24:45,141 - INFO - Старт воркера 7/7 для диапазона итераций 8571426-10000000
2024-04-01 22:24:45,983 - INFO - Завершение работы всех воркеров

2024-04-01 22:24:45,984 - INFO - Старт ThreadPoolExecutor, количество jobs: 8
2024-04-01 22:24:45,984 - INFO - Старт воркера 1/8 для диапазона итераций 0-1250000
2024-04-01 22:24:46,001 - INFO - Старт воркера 2/8 для диапазона итераций 1250000-2500000
2024-04-01 22:24:46,081 - INFO - Старт воркера 3/8 для диапазона итераций 2500000-3750000
2024-04-01 22:24:46,223 - INFO - Старт воркера 4/8 для диапазона итераций 3750000-5000000
2024-04-01 22:24:46,397 - INFO - Старт воркера 5/8 для диапазона итераций 5000000-6250000
2024-04-01 22:24:46,491 - INFO - Старт воркера 6/8 для диапазона итераций 6250000-7500000
2024-04-01 22:24:46,710 - INFO - Старт воркера 7/8 для диапазона итераций 7500000-8750000
2024-04-01 22:24:46,756 - INFO - Старт воркера 8/8 для диапазона итераций 8750000-10000000
2024-04-01 22:24:47,574 - INFO - Завершение работы всех воркеров

2024-04-01 22:24:47,574 - INFO - Старт ThreadPoolExecutor, количество jobs: 9
2024-04-01 22:24:47,575 - INFO - Старт воркера 1/9 для диапазона итераций 0-1111111
2024-04-01 22:24:47,589 - INFO - Старт воркера 2/9 для диапазона итераций 1111111-2222222
2024-04-01 22:24:47,636 - INFO - Старт воркера 3/9 для диапазона итераций 2222222-3333333
2024-04-01 22:24:47,779 - INFO - Старт воркера 4/9 для диапазона итераций 3333333-4444444
2024-04-01 22:24:48,015 - INFO - Старт воркера 5/9 для диапазона итераций 4444444-5555555
2024-04-01 22:24:48,157 - INFO - Старт воркера 6/9 для диапазона итераций 5555555-6666666
2024-04-01 22:24:48,188 - INFO - Старт воркера 7/9 для диапазона итераций 6666666-7777777
2024-04-01 22:24:48,236 - INFO - Старт воркера 8/9 для диапазона итераций 7777777-8888888
2024-04-01 22:24:48,364 - INFO - Старт воркера 9/9 для диапазона итераций 8888888-10000000
2024-04-01 22:24:49,158 - INFO - Завершение работы всех воркеров

2024-04-01 22:24:49,159 - INFO - Старт ThreadPoolExecutor, количество jobs: 10
2024-04-01 22:24:49,159 - INFO - Старт воркера 1/10 для диапазона итераций 0-1000000
2024-04-01 22:24:49,166 - INFO - Старт воркера 2/10 для диапазона итераций 1000000-2000000
2024-04-01 22:24:49,244 - INFO - Старт воркера 3/10 для диапазона итераций 2000000-3000000
2024-04-01 22:24:49,433 - INFO - Старт воркера 4/10 для диапазона итераций 3000000-4000000
2024-04-01 22:24:49,619 - INFO - Старт воркера 5/10 для диапазона итераций 4000000-5000000
2024-04-01 22:24:49,682 - INFO - Старт воркера 6/10 для диапазона итераций 5000000-6000000
2024-04-01 22:24:49,841 - INFO - Старт воркера 7/10 для диапазона итераций 6000000-7000000
2024-04-01 22:24:49,873 - INFO - Старт воркера 8/10 для диапазона итераций 7000000-8000000
2024-04-01 22:24:50,061 - INFO - Старт воркера 9/10 для диапазона итераций 8000000-9000000
2024-04-01 22:24:50,125 - INFO - Старт воркера 10/10 для диапазона итераций 9000000-10000000
2024-04-01 22:24:50,768 - INFO - Завершение работы всех воркеров

2024-04-01 22:24:50,768 - INFO - Старт ThreadPoolExecutor, количество jobs: 11
2024-04-01 22:24:50,768 - INFO - Старт воркера 1/11 для диапазона итераций 0-909090
2024-04-01 22:24:50,775 - INFO - Старт воркера 2/11 для диапазона итераций 909090-1818180
2024-04-01 22:24:50,838 - INFO - Старт воркера 3/11 для диапазона итераций 1818180-2727270
2024-04-01 22:24:50,933 - INFO - Старт воркера 4/11 для диапазона итераций 2727270-3636360
2024-04-01 22:24:51,134 - INFO - Старт воркера 5/11 для диапазона итераций 3636360-4545450
2024-04-01 22:24:51,198 - INFO - Старт воркера 6/11 для диапазона итераций 4545450-5454540
2024-04-01 22:24:51,370 - INFO - Старт воркера 7/11 для диапазона итераций 5454540-6363630
2024-04-01 22:24:51,418 - INFO - Старт воркера 8/11 для диапазона итераций 6363630-7272720
2024-04-01 22:24:51,543 - INFO - Старт воркера 9/11 для диапазона итераций 7272720-8181810
2024-04-01 22:24:51,590 - INFO - Старт воркера 10/11 для диапазона итераций 8181810-9090900
2024-04-01 22:24:51,811 - INFO - Старт воркера 11/11 для диапазона итераций 9090900-10000000
2024-04-01 22:24:52,383 - INFO - Завершение работы всех воркеров

2024-04-01 22:24:52,384 - INFO - Старт ThreadPoolExecutor, количество jobs: 12
2024-04-01 22:24:52,384 - INFO - Старт воркера 1/12 для диапазона итераций 0-833333
2024-04-01 22:24:52,392 - INFO - Старт воркера 2/12 для диапазона итераций 833333-1666666
2024-04-01 22:24:52,440 - INFO - Старт воркера 3/12 для диапазона итераций 1666666-2499999
2024-04-01 22:24:52,535 - INFO - Старт воркера 4/12 для диапазона итераций 2499999-3333332
2024-04-01 22:24:52,630 - INFO - Старт воркера 5/12 для диапазона итераций 3333332-4166665
2024-04-01 22:24:52,930 - INFO - Старт воркера 6/12 для диапазона итераций 4166665-4999998
2024-04-01 22:24:52,961 - INFO - Старт воркера 7/12 для диапазона итераций 4999998-5833331
2024-04-01 22:24:53,057 - INFO - Старт воркера 8/12 для диапазона итераций 5833331-6666664
2024-04-01 22:24:53,088 - INFO - Старт воркера 9/12 для диапазона итераций 6666664-7499997
2024-04-01 22:24:53,150 - INFO - Старт воркера 10/12 для диапазона итераций 7499997-8333330
2024-04-01 22:24:53,261 - INFO - Старт воркера 11/12 для диапазона итераций 8333330-9166663
2024-04-01 22:24:53,722 - INFO - Старт воркера 12/12 для диапазона итераций 9166663-10000000
2024-04-01 22:24:53,999 - INFO - Завершение работы всех воркеров

2024-04-01 22:24:53,999 - INFO - Старт ThreadPoolExecutor, количество jobs: 13
2024-04-01 22:24:53,999 - INFO - Старт воркера 1/13 для диапазона итераций 0-769230
2024-04-01 22:24:54,014 - INFO - Старт воркера 2/13 для диапазона итераций 769230-1538460
2024-04-01 22:24:54,061 - INFO - Старт воркера 3/13 для диапазона итераций 1538460-2307690
2024-04-01 22:24:54,173 - INFO - Старт воркера 4/13 для диапазона итераций 2307690-3076920
2024-04-01 22:24:54,300 - INFO - Старт воркера 5/13 для диапазона итераций 3076920-3846150
2024-04-01 22:24:54,364 - INFO - Старт воркера 6/13 для диапазона итераций 3846150-4615380
2024-04-01 22:24:54,411 - INFO - Старт воркера 7/13 для диапазона итераций 4615380-5384610
2024-04-01 22:24:54,505 - INFO - Старт воркера 8/13 для диапазона итераций 5384610-6153840
2024-04-01 22:24:54,738 - INFO - Старт воркера 9/13 для диапазона итераций 6153840-6923070
2024-04-01 22:24:54,816 - INFO - Старт воркера 10/13 для диапазона итераций 6923070-7692300
2024-04-01 22:24:54,911 - INFO - Старт воркера 11/13 для диапазона итераций 7692300-8461530
2024-04-01 22:24:55,004 - INFO - Старт воркера 12/13 для диапазона итераций 8461530-9230760
2024-04-01 22:24:55,038 - INFO - Старт воркера 13/13 для диапазона итераций 9230760-10000000
2024-04-01 22:24:55,596 - INFO - Завершение работы всех воркеров

2024-04-01 22:24:55,596 - INFO - Старт ThreadPoolExecutor, количество jobs: 14
2024-04-01 22:24:55,596 - INFO - Старт воркера 1/14 для диапазона итераций 0-714285
2024-04-01 22:24:55,608 - INFO - Старт воркера 2/14 для диапазона итераций 714285-1428570
2024-04-01 22:24:55,654 - INFO - Старт воркера 3/14 для диапазона итераций 1428570-2142855
2024-04-01 22:24:55,766 - INFO - Старт воркера 4/14 для диапазона итераций 2142855-2857140
2024-04-01 22:24:55,924 - INFO - Старт воркера 5/14 для диапазона итераций 2857140-3571425
2024-04-01 22:24:55,956 - INFO - Старт воркера 6/14 для диапазона итераций 3571425-4285710
2024-04-01 22:24:56,004 - INFO - Старт воркера 7/14 для диапазона итераций 4285710-4999995
2024-04-01 22:24:56,273 - INFO - Старт воркера 8/14 для диапазона итераций 4999995-5714280
2024-04-01 22:24:56,352 - INFO - Старт воркера 9/14 для диапазона итераций 5714280-6428565
2024-04-01 22:24:56,383 - INFO - Старт воркера 10/14 для диапазона итераций 6428565-7142850
2024-04-01 22:24:56,415 - INFO - Старт воркера 11/14 для диапазона итераций 7142850-7857135
2024-04-01 22:24:56,477 - INFO - Старт воркера 12/14 для диапазона итераций 7857135-8571420
2024-04-01 22:24:56,683 - INFO - Старт воркера 13/14 для диапазона итераций 8571420-9285705
2024-04-01 22:24:56,761 - INFO - Старт воркера 14/14 для диапазона итераций 9285705-10000000
2024-04-01 22:24:57,184 - INFO - Завершение работы всех воркеров

2024-04-01 22:24:57,184 - INFO - Старт ThreadPoolExecutor, количество jobs: 15
2024-04-01 22:24:57,184 - INFO - Старт воркера 1/15 для диапазона итераций 0-666666
2024-04-01 22:24:57,202 - INFO - Старт воркера 2/15 для диапазона итераций 666666-1333332
2024-04-01 22:24:57,250 - INFO - Старт воркера 3/15 для диапазона итераций 1333332-1999998
2024-04-01 22:24:57,361 - INFO - Старт воркера 4/15 для диапазона итераций 1999998-2666664
2024-04-01 22:24:57,393 - INFO - Старт воркера 5/15 для диапазона итераций 2666664-3333330
2024-04-01 22:24:57,520 - INFO - Старт воркера 6/15 для диапазона итераций 3333330-3999996
2024-04-01 22:24:57,727 - INFO - Старт воркера 7/15 для диапазона итераций 3999996-4666662
2024-04-01 22:24:57,759 - INFO - Старт воркера 8/15 для диапазона итераций 4666662-5333328
2024-04-01 22:24:57,807 - INFO - Старт воркера 9/15 для диапазона итераций 5333328-5999994
2024-04-01 22:24:57,839 - INFO - Старт воркера 10/15 для диапазона итераций 5999994-6666660
2024-04-01 22:24:57,854 - INFO - Старт воркера 11/15 для диапазона итераций 6666660-7333326
2024-04-01 22:24:58,244 - INFO - Старт воркера 12/15 для диапазона итераций 7333326-7999992
2024-04-01 22:24:58,292 - INFO - Старт воркера 13/15 для диапазона итераций 7999992-8666658
2024-04-01 22:24:58,376 - INFO - Старт воркера 14/15 для диапазона итераций 8666658-9333324
2024-04-01 22:24:58,438 - INFO - Старт воркера 15/15 для диапазона итераций 9333324-10000000
2024-04-01 22:24:58,774 - INFO - Завершение работы всех воркеров

2024-04-01 22:24:58,775 - INFO - Старт ThreadPoolExecutor, количество jobs: 16
2024-04-01 22:24:58,775 - INFO - Старт воркера 1/16 для диапазона итераций 0-625000
2024-04-01 22:24:58,787 - INFO - Старт воркера 2/16 для диапазона итераций 625000-1250000
2024-04-01 22:24:58,864 - INFO - Старт воркера 3/16 для диапазона итераций 1250000-1875000
2024-04-01 22:24:58,991 - INFO - Старт воркера 4/16 для диапазона итераций 1875000-2500000
2024-04-01 22:24:59,022 - INFO - Старт воркера 5/16 для диапазона итераций 2500000-3125000
2024-04-01 22:24:59,054 - INFO - Старт воркера 6/16 для диапазона итераций 3125000-3750000
2024-04-01 22:24:59,274 - INFO - Старт воркера 7/16 для диапазона итераций 3750000-4375000
2024-04-01 22:24:59,353 - INFO - Старт воркера 8/16 для диапазона итераций 4375000-5000000
2024-04-01 22:24:59,417 - INFO - Старт воркера 9/16 для диапазона итераций 5000000-5625000
2024-04-01 22:24:59,495 - INFO - Старт воркера 10/16 для диапазона итераций 5625000-6250000
2024-04-01 22:24:59,510 - INFO - Старт воркера 11/16 для диапазона итераций 6250000-6875000
2024-04-01 22:24:59,636 - INFO - Старт воркера 12/16 для диапазона итераций 6875000-7500000
2024-04-01 22:24:59,861 - INFO - Старт воркера 13/16 для диапазона итераций 7500000-8125000
2024-04-01 22:24:59,872 - INFO - Старт воркера 14/16 для диапазона итераций 8125000-8750000
2024-04-01 22:24:59,983 - INFO - Старт воркера 15/16 для диапазона итераций 8750000-9375000
2024-04-01 22:25:00,048 - INFO - Старт воркера 16/16 для диапазона итераций 9375000-10000000
2024-04-01 22:25:00,373 - INFO - Завершение работы всех воркеров

2024-04-01 22:25:00,374 - INFO - Старт ThreadPoolExecutor, количество jobs: 17
2024-04-01 22:25:00,374 - INFO - Старт воркера 1/17 для диапазона итераций 0-588235
2024-04-01 22:25:00,381 - INFO - Старт воркера 2/17 для диапазона итераций 588235-1176470
2024-04-01 22:25:00,428 - INFO - Старт воркера 3/17 для диапазона итераций 1176470-1764705
2024-04-01 22:25:00,475 - INFO - Старт воркера 4/17 для диапазона итераций 1764705-2352940
2024-04-01 22:25:00,554 - INFO - Старт воркера 5/17 для диапазона итераций 2352940-2941175
2024-04-01 22:25:00,721 - INFO - Старт воркера 6/17 для диапазона итераций 2941175-3529410
2024-04-01 22:25:00,729 - INFO - Старт воркера 7/17 для диапазона итераций 3529410-4117645
2024-04-01 22:25:00,776 - INFO - Старт воркера 8/17 для диапазона итераций 4117645-4705880
2024-04-01 22:25:00,808 - INFO - Старт воркера 9/17 для диапазона итераций 4705880-5294115
2024-04-01 22:25:01,093 - INFO - Старт воркера 10/17 для диапазона итераций 5294115-5882350
2024-04-01 22:25:01,156 - INFO - Старт воркера 11/17 для диапазона итераций 5882350-6470585
2024-04-01 22:25:01,188 - INFO - Старт воркера 12/17 для диапазона итераций 6470585-7058820
2024-04-01 22:25:01,220 - INFO - Старт воркера 13/17 для диапазона итераций 7058820-7647055
2024-04-01 22:25:01,268 - INFO - Старт воркера 14/17 для диапазона итераций 7647055-8235290
2024-04-01 22:25:01,348 - INFO - Старт воркера 15/17 для диапазона итераций 8235290-8823525
2024-04-01 22:25:01,380 - INFO - Старт воркера 16/17 для диапазона итераций 8823525-9411760
2024-04-01 22:25:01,427 - INFO - Старт воркера 17/17 для диапазона итераций 9411760-10000000
2024-04-01 22:25:01,965 - INFO - Завершение работы всех воркеров

2024-04-01 22:25:01,965 - INFO - Старт ThreadPoolExecutor, количество jobs: 18
2024-04-01 22:25:01,965 - INFO - Старт воркера 1/18 для диапазона итераций 0-555555
2024-04-01 22:25:01,980 - INFO - Старт воркера 2/18 для диапазона итераций 555555-1111110
2024-04-01 22:25:02,057 - INFO - Старт воркера 3/18 для диапазона итераций 1111110-1666665
2024-04-01 22:25:02,120 - INFO - Старт воркера 4/18 для диапазона итераций 1666665-2222220
2024-04-01 22:25:02,157 - INFO - Старт воркера 5/18 для диапазона итераций 2222220-2777775
2024-04-01 22:25:02,335 - INFO - Старт воркера 6/18 для диапазона итераций 2777775-3333330
2024-04-01 22:25:02,357 - INFO - Старт воркера 7/18 для диапазона итераций 3333330-3888885
2024-04-01 22:25:02,373 - INFO - Старт воркера 8/18 для диапазона итераций 3888885-4444440
2024-04-01 22:25:02,468 - INFO - Старт воркера 9/18 для диапазона итераций 4444440-4999995
2024-04-01 22:25:02,530 - INFO - Старт воркера 10/18 для диапазона итераций 4999995-5555550
2024-04-01 22:25:02,641 - INFO - Старт воркера 11/18 для диапазона итераций 5555550-6111105
2024-04-01 22:25:02,846 - INFO - Старт воркера 12/18 для диапазона итераций 6111105-6666660
2024-04-01 22:25:02,874 - INFO - Старт воркера 13/18 для диапазона итераций 6666660-7222215
2024-04-01 22:25:02,957 - INFO - Старт воркера 14/18 для диапазона итераций 7222215-7777770
2024-04-01 22:25:03,036 - INFO - Старт воркера 15/18 для диапазона итераций 7777770-8333325
2024-04-01 22:25:03,132 - INFO - Старт воркера 16/18 для диапазона итераций 8333325-8888880
2024-04-01 22:25:03,148 - INFO - Старт воркера 17/18 для диапазона итераций 8888880-9444435
2024-04-01 22:25:03,195 - INFO - Старт воркера 18/18 для диапазона итераций 9444435-10000000
2024-04-01 22:25:03,583 - INFO - Завершение работы всех воркеров

2024-04-01 22:25:03,583 - INFO - Старт ThreadPoolExecutor, количество jobs: 19
2024-04-01 22:25:03,583 - INFO - Старт воркера 1/19 для диапазона итераций 0-526315
2024-04-01 22:25:03,603 - INFO - Старт воркера 2/19 для диапазона итераций 526315-1052630
2024-04-01 22:25:03,650 - INFO - Старт воркера 3/19 для диапазона итераций 1052630-1578945
2024-04-01 22:25:03,728 - INFO - Старт воркера 4/19 для диапазона итераций 1578945-2105260
2024-04-01 22:25:03,821 - INFO - Старт воркера 5/19 для диапазона итераций 2105260-2631575
2024-04-01 22:25:03,885 - INFO - Старт воркера 6/19 для диапазона итераций 2631575-3157890
2024-04-01 22:25:03,932 - INFO - Старт воркера 7/19 для диапазона итераций 3157890-3684205
2024-04-01 22:25:04,111 - INFO - Старт воркера 8/19 для диапазона итераций 3684205-4210520
2024-04-01 22:25:04,168 - INFO - Старт воркера 9/19 для диапазона итераций 4210520-4736835
2024-04-01 22:25:04,218 - INFO - Старт воркера 10/19 для диапазона итераций 4736835-5263150
2024-04-01 22:25:04,313 - INFO - Старт воркера 11/19 для диапазона итераций 5263150-5789465
2024-04-01 22:25:04,365 - INFO - Старт воркера 12/19 для диапазона итераций 5789465-6315780
2024-04-01 22:25:04,376 - INFO - Старт воркера 13/19 для диапазона итераций 6315780-6842095
2024-04-01 22:25:04,392 - INFO - Старт воркера 14/19 для диапазона итераций 6842095-7368410
2024-04-01 22:25:04,582 - INFO - Старт воркера 15/19 для диапазона итераций 7368410-7894725
2024-04-01 22:25:04,613 - INFO - Старт воркера 16/19 для диапазона итераций 7894725-8421040
2024-04-01 22:25:04,760 - INFO - Старт воркера 17/19 для диапазона итераций 8421040-8947355
2024-04-01 22:25:04,785 - INFO - Старт воркера 18/19 для диапазона итераций 8947355-9473670
2024-04-01 22:25:04,932 - INFO - Старт воркера 19/19 для диапазона итераций 9473670-10000000
2024-04-01 22:25:05,192 - INFO - Завершение работы всех воркеров

2024-04-01 22:25:05,193 - INFO - Старт ThreadPoolExecutor, количество jobs: 20
2024-04-01 22:25:05,193 - INFO - Старт воркера 1/20 для диапазона итераций 0-500000
2024-04-01 22:25:05,199 - INFO - Старт воркера 2/20 для диапазона итераций 500000-1000000
2024-04-01 22:25:05,246 - INFO - Старт воркера 3/20 для диапазона итераций 1000000-1500000
2024-04-01 22:25:05,325 - INFO - Старт воркера 4/20 для диапазона итераций 1500000-2000000
2024-04-01 22:25:05,388 - INFO - Старт воркера 5/20 для диапазона итераций 2000000-2500000
2024-04-01 22:25:05,419 - INFO - Старт воркера 6/20 для диапазона итераций 2500000-3000000
2024-04-01 22:25:05,435 - INFO - Старт воркера 7/20 для диапазона итераций 3000000-3500000
2024-04-01 22:25:05,577 - INFO - Старт воркера 8/20 для диапазона итераций 3500000-4000000
2024-04-01 22:25:05,718 - INFO - Старт воркера 9/20 для диапазона итераций 4000000-4500000
2024-04-01 22:25:05,749 - INFO - Старт воркера 10/20 для диапазона итераций 4500000-5000000
2024-04-01 22:25:05,793 - INFO - Старт воркера 11/20 для диапазона итераций 5000000-5500000
2024-04-01 22:25:05,828 - INFO - Старт воркера 12/20 для диапазона итераций 5500000-6000000
2024-04-01 22:25:06,017 - INFO - Старт воркера 13/20 для диапазона итераций 6000000-6500000
2024-04-01 22:25:06,096 - INFO - Старт воркера 14/20 для диапазона итераций 6500000-7000000
2024-04-01 22:25:06,144 - INFO - Старт воркера 15/20 для диапазона итераций 7000000-7500000
2024-04-01 22:25:06,224 - INFO - Старт воркера 16/20 для диапазона итераций 7500000-8000000
2024-04-01 22:25:06,256 - INFO - Старт воркера 17/20 для диапазона итераций 8000000-8500000
2024-04-01 22:25:06,351 - INFO - Старт воркера 18/20 для диапазона итераций 8500000-9000000
2024-04-01 22:25:06,415 - INFO - Старт воркера 19/20 для диапазона итераций 9000000-9500000
2024-04-01 22:25:06,476 - INFO - Старт воркера 20/20 для диапазона итераций 9500000-10000000
2024-04-01 22:25:06,777 - INFO - Завершение работы всех воркеров

2024-04-01 22:25:06,778 - INFO - Старт ThreadPoolExecutor, количество jobs: 21
2024-04-01 22:25:06,778 - INFO - Старт воркера 1/21 для диапазона итераций 0-476190
2024-04-01 22:25:06,794 - INFO - Старт воркера 2/21 для диапазона итераций 476190-952380
2024-04-01 22:25:06,841 - INFO - Старт воркера 3/21 для диапазона итераций 952380-1428570
2024-04-01 22:25:06,886 - INFO - Старт воркера 4/21 для диапазона итераций 1428570-1904760
2024-04-01 22:25:07,029 - INFO - Старт воркера 5/21 для диапазона итераций 1904760-2380950
2024-04-01 22:25:07,059 - INFO - Старт воркера 6/21 для диапазона итераций 2380950-2857140
2024-04-01 22:25:07,093 - INFO - Старт воркера 7/21 для диапазона итераций 2857140-3333330
2024-04-01 22:25:07,109 - INFO - Старт воркера 8/21 для диапазона итераций 3333330-3809520
2024-04-01 22:25:07,220 - INFO - Старт воркера 9/21 для диапазона итераций 3809520-4285710
2024-04-01 22:25:07,330 - INFO - Старт воркера 10/21 для диапазона итераций 4285710-4761900
2024-04-01 22:25:07,397 - INFO - Старт воркера 11/21 для диапазона итераций 4761900-5238090
2024-04-01 22:25:07,425 - INFO - Старт воркера 12/21 для диапазона итераций 5238090-5714280
2024-04-01 22:25:07,504 - INFO - Старт воркера 13/21 для диапазона итераций 5714280-6190470
2024-04-01 22:25:07,551 - INFO - Старт воркера 14/21 для диапазона итераций 6190470-6666660
2024-04-01 22:25:07,828 - INFO - Старт воркера 15/21 для диапазона итераций 6666660-7142850
2024-04-01 22:25:07,833 - INFO - Старт воркера 16/21 для диапазона итераций 7142850-7619040
2024-04-01 22:25:07,852 - INFO - Старт воркера 17/21 для диапазона итераций 7619040-8095230
2024-04-01 22:25:07,868 - INFO - Старт воркера 18/21 для диапазона итераций 8095230-8571420
2024-04-01 22:25:07,899 - INFO - Старт воркера 19/21 для диапазона итераций 8571420-9047610
2024-04-01 22:25:07,978 - INFO - Старт воркера 20/21 для диапазона итераций 9047610-9523800
2024-04-01 22:25:08,054 - INFO - Старт воркера 21/21 для диапазона итераций 9523800-10000000
2024-04-01 22:25:08,385 - INFO - Завершение работы всех воркеров

2024-04-01 22:25:08,386 - INFO - Старт ThreadPoolExecutor, количество jobs: 22
2024-04-01 22:25:08,386 - INFO - Старт воркера 1/22 для диапазона итераций 0-454545
2024-04-01 22:25:08,406 - INFO - Старт воркера 2/22 для диапазона итераций 454545-909090
2024-04-01 22:25:08,486 - INFO - Старт воркера 3/22 для диапазона итераций 909090-1363635
2024-04-01 22:25:08,518 - INFO - Старт воркера 4/22 для диапазона итераций 1363635-1818180
2024-04-01 22:25:08,595 - INFO - Старт воркера 5/22 для диапазона итераций 1818180-2272725
2024-04-01 22:25:08,625 - INFO - Старт воркера 6/22 для диапазона итераций 2272725-2727270
2024-04-01 22:25:08,670 - INFO - Старт воркера 7/22 для диапазона итераций 2727270-3181815
2024-04-01 22:25:08,717 - INFO - Старт воркера 8/22 для диапазона итераций 3181815-3636360
2024-04-01 22:25:08,748 - INFO - Старт воркера 9/22 для диапазона итераций 3636360-4090905
2024-04-01 22:25:09,018 - INFO - Старт воркера 10/22 для диапазона итераций 4090905-4545450
2024-04-01 22:25:09,048 - INFO - Старт воркера 11/22 для диапазона итераций 4545450-4999995
2024-04-01 22:25:09,066 - INFO - Старт воркера 12/22 для диапазона итераций 4999995-5454540
2024-04-01 22:25:09,129 - INFO - Старт воркера 13/22 для диапазона итераций 5454540-5909085
2024-04-01 22:25:09,161 - INFO - Старт воркера 14/22 для диапазона итераций 5909085-6363630
2024-04-01 22:25:09,176 - INFO - Старт воркера 15/22 для диапазона итераций 6363630-6818175
2024-04-01 22:25:09,192 - INFO - Старт воркера 16/22 для диапазона итераций 6818175-7272720
2024-04-01 22:25:09,319 - INFO - Старт воркера 17/22 для диапазона итераций 7272720-7727265
2024-04-01 22:25:09,479 - INFO - Старт воркера 18/22 для диапазона итераций 7727265-8181810
2024-04-01 22:25:09,547 - INFO - Старт воркера 19/22 для диапазона итераций 8181810-8636355
2024-04-01 22:25:09,604 - INFO - Старт воркера 20/22 для диапазона итераций 8636355-9090900
2024-04-01 22:25:09,667 - INFO - Старт воркера 21/22 для диапазона итераций 9090900-9545445
2024-04-01 22:25:09,715 - INFO - Старт воркера 22/22 для диапазона итераций 9545445-10000000
2024-04-01 22:25:10,013 - INFO - Завершение работы всех воркеров

2024-04-01 22:25:10,013 - INFO - Старт ThreadPoolExecutor, количество jobs: 23
2024-04-01 22:25:10,014 - INFO - Старт воркера 1/23 для диапазона итераций 0-434782
2024-04-01 22:25:10,030 - INFO - Старт воркера 2/23 для диапазона итераций 434782-869564
2024-04-01 22:25:10,061 - INFO - Старт воркера 3/23 для диапазона итераций 869564-1304346
2024-04-01 22:25:10,141 - INFO - Старт воркера 4/23 для диапазона итераций 1304346-1739128
2024-04-01 22:25:10,189 - INFO - Старт воркера 5/23 для диапазона итераций 1739128-2173910
2024-04-01 22:25:10,221 - INFO - Старт воркера 6/23 для диапазона итераций 2173910-2608692
2024-04-01 22:25:10,261 - INFO - Старт воркера 7/23 для диапазона итераций 2608692-3043474
2024-04-01 22:25:10,418 - INFO - Старт воркера 8/23 для диапазона итераций 3043474-3478256
2024-04-01 22:25:10,429 - INFO - Старт воркера 9/23 для диапазона итераций 3478256-3913038
2024-04-01 22:25:10,493 - INFO - Старт воркера 10/23 для диапазона итераций 3913038-4347820
2024-04-01 22:25:10,556 - INFO - Старт воркера 11/23 для диапазона итераций 4347820-4782602
2024-04-01 22:25:10,651 - INFO - Старт воркера 12/23 для диапазона итераций 4782602-5217384
2024-04-01 22:25:10,730 - INFO - Старт воркера 13/23 для диапазона итераций 5217384-5652166
2024-04-01 22:25:10,769 - INFO - Старт воркера 14/23 для диапазона итераций 5652166-6086948
2024-04-01 22:25:10,823 - INFO - Старт воркера 15/23 для диапазона итераций 6086948-6521730
2024-04-01 22:25:11,043 - INFO - Старт воркера 16/23 для диапазона итераций 6521730-6956512
2024-04-01 22:25:11,053 - INFO - Старт воркера 17/23 для диапазона итераций 6956512-7391294
2024-04-01 22:25:11,059 - INFO - Старт воркера 18/23 для диапазона итераций 7391294-7826076
2024-04-01 22:25:11,090 - INFO - Старт воркера 19/23 для диапазона итераций 7826076-8260858
2024-04-01 22:25:11,201 - INFO - Старт воркера 20/23 для диапазона итераций 8260858-8695640
2024-04-01 22:25:11,265 - INFO - Старт воркера 21/23 для диапазона итераций 8695640-9130422
2024-04-01 22:25:11,281 - INFO - Старт воркера 22/23 для диапазона итераций 9130422-9565204
2024-04-01 22:25:11,312 - INFO - Старт воркера 23/23 для диапазона итераций 9565204-10000000
2024-04-01 22:25:11,615 - INFO - Завершение работы всех воркеров

2024-04-01 22:25:11,616 - INFO - Старт ThreadPoolExecutor, количество jobs: 24
2024-04-01 22:25:11,616 - INFO - Старт воркера 1/24 для диапазона итераций 0-416666
2024-04-01 22:25:11,630 - INFO - Старт воркера 2/24 для диапазона итераций 416666-833332
2024-04-01 22:25:11,714 - INFO - Старт воркера 3/24 для диапазона итераций 833332-1249998
2024-04-01 22:25:11,726 - INFO - Старт воркера 4/24 для диапазона итераций 1249998-1666664
2024-04-01 22:25:11,806 - INFO - Старт воркера 5/24 для диапазона итераций 1666664-2083330
2024-04-01 22:25:11,838 - INFO - Старт воркера 6/24 для диапазона итераций 2083330-2499996
2024-04-01 22:25:11,944 - INFO - Старт воркера 7/24 для диапазона итераций 2499996-2916662
2024-04-01 22:25:11,950 - INFO - Старт воркера 8/24 для диапазона итераций 2916662-3333328
2024-04-01 22:25:11,966 - INFO - Старт воркера 9/24 для диапазона итераций 3333328-3749994
2024-04-01 22:25:12,125 - INFO - Старт воркера 10/24 для диапазона итераций 3749994-4166660
2024-04-01 22:25:12,206 - INFO - Старт воркера 11/24 для диапазона итераций 4166660-4583326
2024-04-01 22:25:12,221 - INFO - Старт воркера 12/24 для диапазона итераций 4583326-4999992
2024-04-01 22:25:12,269 - INFO - Старт воркера 13/24 для диапазона итераций 4999992-5416658
2024-04-01 22:25:12,316 - INFO - Старт воркера 14/24 для диапазона итераций 5416658-5833324
2024-04-01 22:25:12,363 - INFO - Старт воркера 15/24 для диапазона итераций 5833324-6249990
2024-04-01 22:25:12,544 - INFO - Старт воркера 16/24 для диапазона итераций 6249990-6666656
2024-04-01 22:25:12,570 - INFO - Старт воркера 17/24 для диапазона итераций 6666656-7083322
2024-04-01 22:25:12,634 - INFO - Старт воркера 18/24 для диапазона итераций 7083322-7499988
2024-04-01 22:25:12,650 - INFO - Старт воркера 19/24 для диапазона итераций 7499988-7916654
2024-04-01 22:25:12,666 - INFO - Старт воркера 20/24 для диапазона итераций 7916654-8333320
2024-04-01 22:25:12,681 - INFO - Старт воркера 21/24 для диапазона итераций 8333320-8749986
2024-04-01 22:25:12,854 - INFO - Старт воркера 22/24 для диапазона итераций 8749986-9166652
2024-04-01 22:25:12,917 - INFO - Старт воркера 23/24 для диапазона итераций 9166652-9583318
2024-04-01 22:25:12,984 - INFO - Старт воркера 24/24 для диапазона итераций 9583318-10000000
2024-04-01 22:25:13,204 - INFO - Завершение работы всех воркеров

2024-04-01 22:25:13,205 - INFO - Старт ProcessPoolExecutor, количество jobs: 1
2024-04-01 22:25:13,206 - INFO - Старт воркера 1/1 для диапазона итераций 0-10000000
2024-04-01 22:25:14,843 - INFO - Завершение работы всех воркеров

2024-04-01 22:25:14,851 - INFO - Старт ProcessPoolExecutor, количество jobs: 2
2024-04-01 22:25:14,851 - INFO - Старт воркера 1/2 для диапазона итераций 0-5000000
2024-04-01 22:25:14,856 - INFO - Старт воркера 2/2 для диапазона итераций 5000000-10000000
2024-04-01 22:25:15,717 - INFO - Завершение работы всех воркеров

2024-04-01 22:25:15,726 - INFO - Старт ProcessPoolExecutor, количество jobs: 3
2024-04-01 22:25:15,726 - INFO - Старт воркера 1/3 для диапазона итераций 0-3333333
2024-04-01 22:25:15,731 - INFO - Старт воркера 2/3 для диапазона итераций 3333333-6666666
2024-04-01 22:25:15,736 - INFO - Старт воркера 3/3 для диапазона итераций 6666666-10000000
2024-04-01 22:25:16,371 - INFO - Завершение работы всех воркеров

2024-04-01 22:25:16,380 - INFO - Старт ProcessPoolExecutor, количество jobs: 4
2024-04-01 22:25:16,380 - INFO - Старт воркера 1/4 для диапазона итераций 0-2500000
2024-04-01 22:25:16,385 - INFO - Старт воркера 2/4 для диапазона итераций 2500000-5000000
2024-04-01 22:25:16,391 - INFO - Старт воркера 3/4 для диапазона итераций 5000000-7500000
2024-04-01 22:25:16,396 - INFO - Старт воркера 4/4 для диапазона итераций 7500000-10000000
2024-04-01 22:25:16,898 - INFO - Завершение работы всех воркеров

2024-04-01 22:25:16,907 - INFO - Старт ProcessPoolExecutor, количество jobs: 5
2024-04-01 22:25:16,907 - INFO - Старт воркера 1/5 для диапазона итераций 0-2000000
2024-04-01 22:25:16,912 - INFO - Старт воркера 2/5 для диапазона итераций 2000000-4000000
2024-04-01 22:25:16,917 - INFO - Старт воркера 3/5 для диапазона итераций 4000000-6000000
2024-04-01 22:25:16,922 - INFO - Старт воркера 4/5 для диапазона итераций 6000000-8000000
2024-04-01 22:25:16,927 - INFO - Старт воркера 5/5 для диапазона итераций 8000000-10000000
2024-04-01 22:25:17,356 - INFO - Завершение работы всех воркеров

2024-04-01 22:25:17,369 - INFO - Старт ProcessPoolExecutor, количество jobs: 6
2024-04-01 22:25:17,369 - INFO - Старт воркера 1/6 для диапазона итераций 0-1666666
2024-04-01 22:25:17,374 - INFO - Старт воркера 2/6 для диапазона итераций 1666666-3333332
2024-04-01 22:25:17,379 - INFO - Старт воркера 3/6 для диапазона итераций 3333332-4999998
2024-04-01 22:25:17,383 - INFO - Старт воркера 4/6 для диапазона итераций 4999998-6666664
2024-04-01 22:25:17,388 - INFO - Старт воркера 5/6 для диапазона итераций 6666664-8333330
2024-04-01 22:25:17,394 - INFO - Старт воркера 6/6 для диапазона итераций 8333330-10000000
2024-04-01 22:25:17,802 - INFO - Завершение работы всех воркеров

2024-04-01 22:25:17,814 - INFO - Старт ProcessPoolExecutor, количество jobs: 7
2024-04-01 22:25:17,814 - INFO - Старт воркера 1/7 для диапазона итераций 0-1428571
2024-04-01 22:25:17,819 - INFO - Старт воркера 2/7 для диапазона итераций 1428571-2857142
2024-04-01 22:25:17,824 - INFO - Старт воркера 3/7 для диапазона итераций 2857142-4285713
2024-04-01 22:25:17,829 - INFO - Старт воркера 4/7 для диапазона итераций 4285713-5714284
2024-04-01 22:25:17,834 - INFO - Старт воркера 5/7 для диапазона итераций 5714284-7142855
2024-04-01 22:25:17,840 - INFO - Старт воркера 6/7 для диапазона итераций 7142855-8571426
2024-04-01 22:25:17,845 - INFO - Старт воркера 7/7 для диапазона итераций 8571426-10000000
2024-04-01 22:25:18,229 - INFO - Завершение работы всех воркеров

2024-04-01 22:25:18,246 - INFO - Старт ProcessPoolExecutor, количество jobs: 8
2024-04-01 22:25:18,246 - INFO - Старт воркера 1/8 для диапазона итераций 0-1250000
2024-04-01 22:25:18,252 - INFO - Старт воркера 2/8 для диапазона итераций 1250000-2500000
2024-04-01 22:25:18,257 - INFO - Старт воркера 3/8 для диапазона итераций 2500000-3750000
2024-04-01 22:25:18,264 - INFO - Старт воркера 4/8 для диапазона итераций 3750000-5000000
2024-04-01 22:25:18,270 - INFO - Старт воркера 5/8 для диапазона итераций 5000000-6250000
2024-04-01 22:25:18,277 - INFO - Старт воркера 6/8 для диапазона итераций 6250000-7500000
2024-04-01 22:25:18,284 - INFO - Старт воркера 7/8 для диапазона итераций 7500000-8750000
2024-04-01 22:25:18,293 - INFO - Старт воркера 8/8 для диапазона итераций 8750000-10000000
2024-04-01 22:25:18,778 - INFO - Завершение работы всех воркеров

2024-04-01 22:25:18,794 - INFO - Старт ProcessPoolExecutor, количество jobs: 9
2024-04-01 22:25:18,795 - INFO - Старт воркера 1/9 для диапазона итераций 0-1111111
2024-04-01 22:25:18,801 - INFO - Старт воркера 2/9 для диапазона итераций 1111111-2222222
2024-04-01 22:25:18,807 - INFO - Старт воркера 3/9 для диапазона итераций 2222222-3333333
2024-04-01 22:25:18,814 - INFO - Старт воркера 4/9 для диапазона итераций 3333333-4444444
2024-04-01 22:25:18,821 - INFO - Старт воркера 5/9 для диапазона итераций 4444444-5555555
2024-04-01 22:25:18,836 - INFO - Старт воркера 6/9 для диапазона итераций 5555555-6666666
2024-04-01 22:25:18,862 - INFO - Старт воркера 7/9 для диапазона итераций 6666666-7777777
2024-04-01 22:25:18,870 - INFO - Старт воркера 8/9 для диапазона итераций 7777777-8888888
2024-04-01 22:25:18,879 - INFO - Старт воркера 9/9 для диапазона итераций 8888888-10000000
2024-04-01 22:25:19,235 - INFO - Завершение работы всех воркеров

2024-04-01 22:25:19,253 - INFO - Старт ProcessPoolExecutor, количество jobs: 10
2024-04-01 22:25:19,253 - INFO - Старт воркера 1/10 для диапазона итераций 0-1000000
2024-04-01 22:25:19,259 - INFO - Старт воркера 2/10 для диапазона итераций 1000000-2000000
2024-04-01 22:25:19,265 - INFO - Старт воркера 3/10 для диапазона итераций 2000000-3000000
2024-04-01 22:25:19,272 - INFO - Старт воркера 4/10 для диапазона итераций 3000000-4000000
2024-04-01 22:25:19,278 - INFO - Старт воркера 5/10 для диапазона итераций 4000000-5000000
2024-04-01 22:25:19,285 - INFO - Старт воркера 6/10 для диапазона итераций 5000000-6000000
2024-04-01 22:25:19,293 - INFO - Старт воркера 7/10 для диапазона итераций 6000000-7000000
2024-04-01 22:25:19,302 - INFO - Старт воркера 8/10 для диапазона итераций 7000000-8000000
2024-04-01 22:25:19,311 - INFO - Старт воркера 9/10 для диапазона итераций 8000000-9000000
2024-04-01 22:25:19,319 - INFO - Старт воркера 10/10 для диапазона итераций 9000000-10000000
2024-04-01 22:25:19,680 - INFO - Завершение работы всех воркеров

2024-04-01 22:25:19,700 - INFO - Старт ProcessPoolExecutor, количество jobs: 11
2024-04-01 22:25:19,700 - INFO - Старт воркера 1/11 для диапазона итераций 0-909090
2024-04-01 22:25:19,707 - INFO - Старт воркера 2/11 для диапазона итераций 909090-1818180
2024-04-01 22:25:19,713 - INFO - Старт воркера 3/11 для диапазона итераций 1818180-2727270
2024-04-01 22:25:19,719 - INFO - Старт воркера 4/11 для диапазона итераций 2727270-3636360
2024-04-01 22:25:19,725 - INFO - Старт воркера 5/11 для диапазона итераций 3636360-4545450
2024-04-01 22:25:19,731 - INFO - Старт воркера 6/11 для диапазона итераций 4545450-5454540
2024-04-01 22:25:19,738 - INFO - Старт воркера 7/11 для диапазона итераций 5454540-6363630
2024-04-01 22:25:19,746 - INFO - Старт воркера 8/11 для диапазона итераций 6363630-7272720
2024-04-01 22:25:19,753 - INFO - Старт воркера 9/11 для диапазона итераций 7272720-8181810
2024-04-01 22:25:19,761 - INFO - Старт воркера 10/11 для диапазона итераций 8181810-9090900
2024-04-01 22:25:19,770 - INFO - Старт воркера 11/11 для диапазона итераций 9090900-10000000
2024-04-01 22:25:20,150 - INFO - Завершение работы всех воркеров

2024-04-01 22:25:20,177 - INFO - Старт ProcessPoolExecutor, количество jobs: 12
2024-04-01 22:25:20,177 - INFO - Старт воркера 1/12 для диапазона итераций 0-833333
2024-04-01 22:25:20,191 - INFO - Старт воркера 2/12 для диапазона итераций 833333-1666666
2024-04-01 22:25:20,198 - INFO - Старт воркера 3/12 для диапазона итераций 1666666-2499999
2024-04-01 22:25:20,206 - INFO - Старт воркера 4/12 для диапазона итераций 2499999-3333332
2024-04-01 22:25:20,214 - INFO - Старт воркера 5/12 для диапазона итераций 3333332-4166665
2024-04-01 22:25:20,221 - INFO - Старт воркера 6/12 для диапазона итераций 4166665-4999998
2024-04-01 22:25:20,230 - INFO - Старт воркера 7/12 для диапазона итераций 4999998-5833331
2024-04-01 22:25:20,241 - INFO - Старт воркера 8/12 для диапазона итераций 5833331-6666664
2024-04-01 22:25:20,251 - INFO - Старт воркера 9/12 для диапазона итераций 6666664-7499997
2024-04-01 22:25:20,262 - INFO - Старт воркера 10/12 для диапазона итераций 7499997-8333330
2024-04-01 22:25:20,271 - INFO - Старт воркера 11/12 для диапазона итераций 8333330-9166663
2024-04-01 22:25:20,281 - INFO - Старт воркера 12/12 для диапазона итераций 9166663-10000000
2024-04-01 22:25:20,716 - INFO - Завершение работы всех воркеров

2024-04-01 22:25:20,752 - INFO - Старт ProcessPoolExecutor, количество jobs: 13
2024-04-01 22:25:20,753 - INFO - Старт воркера 1/13 для диапазона итераций 0-769230
2024-04-01 22:25:20,759 - INFO - Старт воркера 2/13 для диапазона итераций 769230-1538460
2024-04-01 22:25:20,765 - INFO - Старт воркера 3/13 для диапазона итераций 1538460-2307690
2024-04-01 22:25:20,772 - INFO - Старт воркера 4/13 для диапазона итераций 2307690-3076920
2024-04-01 22:25:20,778 - INFO - Старт воркера 5/13 для диапазона итераций 3076920-3846150
2024-04-01 22:25:20,786 - INFO - Старт воркера 6/13 для диапазона итераций 3846150-4615380
2024-04-01 22:25:20,793 - INFO - Старт воркера 7/13 для диапазона итераций 4615380-5384610
2024-04-01 22:25:20,801 - INFO - Старт воркера 8/13 для диапазона итераций 5384610-6153840
2024-04-01 22:25:20,811 - INFO - Старт воркера 9/13 для диапазона итераций 6153840-6923070
2024-04-01 22:25:20,820 - INFO - Старт воркера 10/13 для диапазона итераций 6923070-7692300
2024-04-01 22:25:20,830 - INFO - Старт воркера 11/13 для диапазона итераций 7692300-8461530
2024-04-01 22:25:20,840 - INFO - Старт воркера 12/13 для диапазона итераций 8461530-9230760
2024-04-01 22:25:20,850 - INFO - Старт воркера 13/13 для диапазона итераций 9230760-10000000
2024-04-01 22:25:21,219 - INFO - Завершение работы всех воркеров

2024-04-01 22:25:21,251 - INFO - Старт ProcessPoolExecutor, количество jobs: 14
2024-04-01 22:25:21,252 - INFO - Старт воркера 1/14 для диапазона итераций 0-714285
2024-04-01 22:25:21,258 - INFO - Старт воркера 2/14 для диапазона итераций 714285-1428570
2024-04-01 22:25:21,265 - INFO - Старт воркера 3/14 для диапазона итераций 1428570-2142855
2024-04-01 22:25:21,272 - INFO - Старт воркера 4/14 для диапазона итераций 2142855-2857140
2024-04-01 22:25:21,280 - INFO - Старт воркера 5/14 для диапазона итераций 2857140-3571425
2024-04-01 22:25:21,289 - INFO - Старт воркера 6/14 для диапазона итераций 3571425-4285710
2024-04-01 22:25:21,297 - INFO - Старт воркера 7/14 для диапазона итераций 4285710-4999995
2024-04-01 22:25:21,306 - INFO - Старт воркера 8/14 для диапазона итераций 4999995-5714280
2024-04-01 22:25:21,314 - INFO - Старт воркера 9/14 для диапазона итераций 5714280-6428565
2024-04-01 22:25:21,325 - INFO - Старт воркера 10/14 для диапазона итераций 6428565-7142850
2024-04-01 22:25:21,336 - INFO - Старт воркера 11/14 для диапазона итераций 7142850-7857135
2024-04-01 22:25:21,345 - INFO - Старт воркера 12/14 для диапазона итераций 7857135-8571420
2024-04-01 22:25:21,355 - INFO - Старт воркера 13/14 для диапазона итераций 8571420-9285705
2024-04-01 22:25:21,367 - INFO - Старт воркера 14/14 для диапазона итераций 9285705-10000000
2024-04-01 22:25:21,743 - INFO - Завершение работы всех воркеров

2024-04-01 22:25:21,773 - INFO - Старт ProcessPoolExecutor, количество jobs: 15
2024-04-01 22:25:21,773 - INFO - Старт воркера 1/15 для диапазона итераций 0-666666
2024-04-01 22:25:21,780 - INFO - Старт воркера 2/15 для диапазона итераций 666666-1333332
2024-04-01 22:25:21,787 - INFO - Старт воркера 3/15 для диапазона итераций 1333332-1999998
2024-04-01 22:25:21,793 - INFO - Старт воркера 4/15 для диапазона итераций 1999998-2666664
2024-04-01 22:25:21,800 - INFO - Старт воркера 5/15 для диапазона итераций 2666664-3333330
2024-04-01 22:25:21,807 - INFO - Старт воркера 6/15 для диапазона итераций 3333330-3999996
2024-04-01 22:25:21,814 - INFO - Старт воркера 7/15 для диапазона итераций 3999996-4666662
2024-04-01 22:25:21,822 - INFO - Старт воркера 8/15 для диапазона итераций 4666662-5333328
2024-04-01 22:25:21,831 - INFO - Старт воркера 9/15 для диапазона итераций 5333328-5999994
2024-04-01 22:25:21,840 - INFO - Старт воркера 10/15 для диапазона итераций 5999994-6666660
2024-04-01 22:25:21,852 - INFO - Старт воркера 11/15 для диапазона итераций 6666660-7333326
2024-04-01 22:25:21,861 - INFO - Старт воркера 12/15 для диапазона итераций 7333326-7999992
2024-04-01 22:25:21,873 - INFO - Старт воркера 13/15 для диапазона итераций 7999992-8666658
2024-04-01 22:25:21,884 - INFO - Старт воркера 14/15 для диапазона итераций 8666658-9333324
2024-04-01 22:25:21,898 - INFO - Старт воркера 15/15 для диапазона итераций 9333324-10000000
2024-04-01 22:25:22,258 - INFO - Завершение работы всех воркеров

2024-04-01 22:25:22,288 - INFO - Старт ProcessPoolExecutor, количество jobs: 16
2024-04-01 22:25:22,289 - INFO - Старт воркера 1/16 для диапазона итераций 0-625000
2024-04-01 22:25:22,296 - INFO - Старт воркера 2/16 для диапазона итераций 625000-1250000
2024-04-01 22:25:22,302 - INFO - Старт воркера 3/16 для диапазона итераций 1250000-1875000
2024-04-01 22:25:22,309 - INFO - Старт воркера 4/16 для диапазона итераций 1875000-2500000
2024-04-01 22:25:22,317 - INFO - Старт воркера 5/16 для диапазона итераций 2500000-3125000
2024-04-01 22:25:22,324 - INFO - Старт воркера 6/16 для диапазона итераций 3125000-3750000
2024-04-01 22:25:22,331 - INFO - Старт воркера 7/16 для диапазона итераций 3750000-4375000
2024-04-01 22:25:22,340 - INFO - Старт воркера 8/16 для диапазона итераций 4375000-5000000
2024-04-01 22:25:22,347 - INFO - Старт воркера 9/16 для диапазона итераций 5000000-5625000
2024-04-01 22:25:22,355 - INFO - Старт воркера 10/16 для диапазона итераций 5625000-6250000
2024-04-01 22:25:22,365 - INFO - Старт воркера 11/16 для диапазона итераций 6250000-6875000
2024-04-01 22:25:22,375 - INFO - Старт воркера 12/16 для диапазона итераций 6875000-7500000
2024-04-01 22:25:22,384 - INFO - Старт воркера 13/16 для диапазона итераций 7500000-8125000
2024-04-01 22:25:22,394 - INFO - Старт воркера 14/16 для диапазона итераций 8125000-8750000
2024-04-01 22:25:22,404 - INFO - Старт воркера 15/16 для диапазона итераций 8750000-9375000
2024-04-01 22:25:22,419 - INFO - Старт воркера 16/16 для диапазона итераций 9375000-10000000
2024-04-01 22:25:22,768 - INFO - Завершение работы всех воркеров

2024-04-01 22:25:22,796 - INFO - Старт ProcessPoolExecutor, количество jobs: 17
2024-04-01 22:25:22,796 - INFO - Старт воркера 1/17 для диапазона итераций 0-588235
2024-04-01 22:25:22,802 - INFO - Старт воркера 2/17 для диапазона итераций 588235-1176470
2024-04-01 22:25:22,808 - INFO - Старт воркера 3/17 для диапазона итераций 1176470-1764705
2024-04-01 22:25:22,815 - INFO - Старт воркера 4/17 для диапазона итераций 1764705-2352940
2024-04-01 22:25:22,823 - INFO - Старт воркера 5/17 для диапазона итераций 2352940-2941175
2024-04-01 22:25:22,832 - INFO - Старт воркера 6/17 для диапазона итераций 2941175-3529410
2024-04-01 22:25:22,840 - INFO - Старт воркера 7/17 для диапазона итераций 3529410-4117645
2024-04-01 22:25:22,848 - INFO - Старт воркера 8/17 для диапазона итераций 4117645-4705880
2024-04-01 22:25:22,857 - INFO - Старт воркера 9/17 для диапазона итераций 4705880-5294115
2024-04-01 22:25:22,865 - INFO - Старт воркера 10/17 для диапазона итераций 5294115-5882350
2024-04-01 22:25:22,874 - INFO - Старт воркера 11/17 для диапазона итераций 5882350-6470585
2024-04-01 22:25:22,883 - INFO - Старт воркера 12/17 для диапазона итераций 6470585-7058820
2024-04-01 22:25:22,892 - INFO - Старт воркера 13/17 для диапазона итераций 7058820-7647055
2024-04-01 22:25:22,901 - INFO - Старт воркера 14/17 для диапазона итераций 7647055-8235290
2024-04-01 22:25:22,914 - INFO - Старт воркера 15/17 для диапазона итераций 8235290-8823525
2024-04-01 22:25:22,923 - INFO - Старт воркера 16/17 для диапазона итераций 8823525-9411760
2024-04-01 22:25:22,937 - INFO - Старт воркера 17/17 для диапазона итераций 9411760-10000000
2024-04-01 22:25:23,274 - INFO - Завершение работы всех воркеров

2024-04-01 22:25:23,304 - INFO - Старт ProcessPoolExecutor, количество jobs: 18
2024-04-01 22:25:23,305 - INFO - Старт воркера 1/18 для диапазона итераций 0-555555
2024-04-01 22:25:23,311 - INFO - Старт воркера 2/18 для диапазона итераций 555555-1111110
2024-04-01 22:25:23,318 - INFO - Старт воркера 3/18 для диапазона итераций 1111110-1666665
2024-04-01 22:25:23,324 - INFO - Старт воркера 4/18 для диапазона итераций 1666665-2222220
2024-04-01 22:25:23,330 - INFO - Старт воркера 5/18 для диапазона итераций 2222220-2777775
2024-04-01 22:25:23,338 - INFO - Старт воркера 6/18 для диапазона итераций 2777775-3333330
2024-04-01 22:25:23,345 - INFO - Старт воркера 7/18 для диапазона итераций 3333330-3888885
2024-04-01 22:25:23,351 - INFO - Старт воркера 8/18 для диапазона итераций 3888885-4444440
2024-04-01 22:25:23,358 - INFO - Старт воркера 9/18 для диапазона итераций 4444440-4999995
2024-04-01 22:25:23,367 - INFO - Старт воркера 10/18 для диапазона итераций 4999995-5555550
2024-04-01 22:25:23,376 - INFO - Старт воркера 11/18 для диапазона итераций 5555550-6111105
2024-04-01 22:25:23,385 - INFO - Старт воркера 12/18 для диапазона итераций 6111105-6666660
2024-04-01 22:25:23,395 - INFO - Старт воркера 13/18 для диапазона итераций 6666660-7222215
2024-04-01 22:25:23,403 - INFO - Старт воркера 14/18 для диапазона итераций 7222215-7777770
2024-04-01 22:25:23,413 - INFO - Старт воркера 15/18 для диапазона итераций 7777770-8333325
2024-04-01 22:25:23,424 - INFO - Старт воркера 16/18 для диапазона итераций 8333325-8888880
2024-04-01 22:25:23,434 - INFO - Старт воркера 17/18 для диапазона итераций 8888880-9444435
2024-04-01 22:25:23,444 - INFO - Старт воркера 18/18 для диапазона итераций 9444435-10000000
2024-04-01 22:25:23,822 - INFO - Завершение работы всех воркеров

2024-04-01 22:25:23,865 - INFO - Старт ProcessPoolExecutor, количество jobs: 19
2024-04-01 22:25:23,866 - INFO - Старт воркера 1/19 для диапазона итераций 0-526315
2024-04-01 22:25:23,873 - INFO - Старт воркера 2/19 для диапазона итераций 526315-1052630
2024-04-01 22:25:23,880 - INFO - Старт воркера 3/19 для диапазона итераций 1052630-1578945
2024-04-01 22:25:23,886 - INFO - Старт воркера 4/19 для диапазона итераций 1578945-2105260
2024-04-01 22:25:23,894 - INFO - Старт воркера 5/19 для диапазона итераций 2105260-2631575
2024-04-01 22:25:23,901 - INFO - Старт воркера 6/19 для диапазона итераций 2631575-3157890
2024-04-01 22:25:23,909 - INFO - Старт воркера 7/19 для диапазона итераций 3157890-3684205
2024-04-01 22:25:23,917 - INFO - Старт воркера 8/19 для диапазона итераций 3684205-4210520
2024-04-01 22:25:23,926 - INFO - Старт воркера 9/19 для диапазона итераций 4210520-4736835
2024-04-01 22:25:23,942 - INFO - Старт воркера 10/19 для диапазона итераций 4736835-5263150
2024-04-01 22:25:23,960 - INFO - Старт воркера 11/19 для диапазона итераций 5263150-5789465
2024-04-01 22:25:23,977 - INFO - Старт воркера 12/19 для диапазона итераций 5789465-6315780
2024-04-01 22:25:23,989 - INFO - Старт воркера 13/19 для диапазона итераций 6315780-6842095
2024-04-01 22:25:24,007 - INFO - Старт воркера 14/19 для диапазона итераций 6842095-7368410
2024-04-01 22:25:24,019 - INFO - Старт воркера 15/19 для диапазона итераций 7368410-7894725
2024-04-01 22:25:24,028 - INFO - Старт воркера 16/19 для диапазона итераций 7894725-8421040
2024-04-01 22:25:24,039 - INFO - Старт воркера 17/19 для диапазона итераций 8421040-8947355
2024-04-01 22:25:24,047 - INFO - Старт воркера 18/19 для диапазона итераций 8947355-9473670
2024-04-01 22:25:24,055 - INFO - Старт воркера 19/19 для диапазона итераций 9473670-10000000
2024-04-01 22:25:24,419 - INFO - Завершение работы всех воркеров

2024-04-01 22:25:24,489 - INFO - Старт ProcessPoolExecutor, количество jobs: 20
2024-04-01 22:25:24,489 - INFO - Старт воркера 1/20 для диапазона итераций 0-500000
2024-04-01 22:25:24,498 - INFO - Старт воркера 2/20 для диапазона итераций 500000-1000000
2024-04-01 22:25:24,507 - INFO - Старт воркера 3/20 для диапазона итераций 1000000-1500000
2024-04-01 22:25:24,514 - INFO - Старт воркера 4/20 для диапазона итераций 1500000-2000000
2024-04-01 22:25:24,522 - INFO - Старт воркера 5/20 для диапазона итераций 2000000-2500000
2024-04-01 22:25:24,532 - INFO - Старт воркера 6/20 для диапазона итераций 2500000-3000000
2024-04-01 22:25:24,542 - INFO - Старт воркера 7/20 для диапазона итераций 3000000-3500000
2024-04-01 22:25:24,553 - INFO - Старт воркера 8/20 для диапазона итераций 3500000-4000000
2024-04-01 22:25:24,564 - INFO - Старт воркера 9/20 для диапазона итераций 4000000-4500000
2024-04-01 22:25:24,578 - INFO - Старт воркера 10/20 для диапазона итераций 4500000-5000000
2024-04-01 22:25:24,591 - INFO - Старт воркера 11/20 для диапазона итераций 5000000-5500000
2024-04-01 22:25:24,608 - INFO - Старт воркера 12/20 для диапазона итераций 5500000-6000000
2024-04-01 22:25:24,617 - INFO - Старт воркера 13/20 для диапазона итераций 6000000-6500000
2024-04-01 22:25:24,628 - INFO - Старт воркера 14/20 для диапазона итераций 6500000-7000000
2024-04-01 22:25:24,643 - INFO - Старт воркера 15/20 для диапазона итераций 7000000-7500000
2024-04-01 22:25:24,660 - INFO - Старт воркера 16/20 для диапазона итераций 7500000-8000000
2024-04-01 22:25:24,677 - INFO - Старт воркера 17/20 для диапазона итераций 8000000-8500000
2024-04-01 22:25:24,700 - INFO - Старт воркера 18/20 для диапазона итераций 8500000-9000000
2024-04-01 22:25:24,761 - INFO - Старт воркера 19/20 для диапазона итераций 9000000-9500000
2024-04-01 22:25:24,796 - INFO - Старт воркера 20/20 для диапазона итераций 9500000-10000000
2024-04-01 22:25:25,040 - INFO - Завершение работы всех воркеров

2024-04-01 22:25:25,077 - INFO - Старт ProcessPoolExecutor, количество jobs: 21
2024-04-01 22:25:25,077 - INFO - Старт воркера 1/21 для диапазона итераций 0-476190
2024-04-01 22:25:25,084 - INFO - Старт воркера 2/21 для диапазона итераций 476190-952380
2024-04-01 22:25:25,090 - INFO - Старт воркера 3/21 для диапазона итераций 952380-1428570
2024-04-01 22:25:25,096 - INFO - Старт воркера 4/21 для диапазона итераций 1428570-1904760
2024-04-01 22:25:25,104 - INFO - Старт воркера 5/21 для диапазона итераций 1904760-2380950
2024-04-01 22:25:25,112 - INFO - Старт воркера 6/21 для диапазона итераций 2380950-2857140
2024-04-01 22:25:25,120 - INFO - Старт воркера 7/21 для диапазона итераций 2857140-3333330
2024-04-01 22:25:25,128 - INFO - Старт воркера 8/21 для диапазона итераций 3333330-3809520
2024-04-01 22:25:25,137 - INFO - Старт воркера 9/21 для диапазона итераций 3809520-4285710
2024-04-01 22:25:25,147 - INFO - Старт воркера 10/21 для диапазона итераций 4285710-4761900
2024-04-01 22:25:25,157 - INFO - Старт воркера 11/21 для диапазона итераций 4761900-5238090
2024-04-01 22:25:25,167 - INFO - Старт воркера 12/21 для диапазона итераций 5238090-5714280
2024-04-01 22:25:25,177 - INFO - Старт воркера 13/21 для диапазона итераций 5714280-6190470
2024-04-01 22:25:25,186 - INFO - Старт воркера 14/21 для диапазона итераций 6190470-6666660
2024-04-01 22:25:25,195 - INFO - Старт воркера 15/21 для диапазона итераций 6666660-7142850
2024-04-01 22:25:25,204 - INFO - Старт воркера 16/21 для диапазона итераций 7142850-7619040
2024-04-01 22:25:25,218 - INFO - Старт воркера 17/21 для диапазона итераций 7619040-8095230
2024-04-01 22:25:25,230 - INFO - Старт воркера 18/21 для диапазона итераций 8095230-8571420
2024-04-01 22:25:25,239 - INFO - Старт воркера 19/21 для диапазона итераций 8571420-9047610
2024-04-01 22:25:25,254 - INFO - Старт воркера 20/21 для диапазона итераций 9047610-9523800
2024-04-01 22:25:25,268 - INFO - Старт воркера 21/21 для диапазона итераций 9523800-10000000
2024-04-01 22:25:25,635 - INFO - Завершение работы всех воркеров

2024-04-01 22:25:25,680 - INFO - Старт ProcessPoolExecutor, количество jobs: 22
2024-04-01 22:25:25,680 - INFO - Старт воркера 1/22 для диапазона итераций 0-454545
2024-04-01 22:25:25,687 - INFO - Старт воркера 2/22 для диапазона итераций 454545-909090
2024-04-01 22:25:25,694 - INFO - Старт воркера 3/22 для диапазона итераций 909090-1363635
2024-04-01 22:25:25,702 - INFO - Старт воркера 4/22 для диапазона итераций 1363635-1818180
2024-04-01 22:25:25,717 - INFO - Старт воркера 5/22 для диапазона итераций 1818180-2272725
2024-04-01 22:25:25,725 - INFO - Старт воркера 6/22 для диапазона итераций 2272725-2727270
2024-04-01 22:25:25,737 - INFO - Старт воркера 7/22 для диапазона итераций 2727270-3181815
2024-04-01 22:25:25,746 - INFO - Старт воркера 8/22 для диапазона итераций 3181815-3636360
2024-04-01 22:25:25,754 - INFO - Старт воркера 9/22 для диапазона итераций 3636360-4090905
2024-04-01 22:25:25,763 - INFO - Старт воркера 10/22 для диапазона итераций 4090905-4545450
2024-04-01 22:25:25,772 - INFO - Старт воркера 11/22 для диапазона итераций 4545450-4999995
2024-04-01 22:25:25,782 - INFO - Старт воркера 12/22 для диапазона итераций 4999995-5454540
2024-04-01 22:25:25,798 - INFO - Старт воркера 13/22 для диапазона итераций 5454540-5909085
2024-04-01 22:25:25,809 - INFO - Старт воркера 14/22 для диапазона итераций 5909085-6363630
2024-04-01 22:25:25,819 - INFO - Старт воркера 15/22 для диапазона итераций 6363630-6818175
2024-04-01 22:25:25,827 - INFO - Старт воркера 16/22 для диапазона итераций 6818175-7272720
2024-04-01 22:25:25,838 - INFO - Старт воркера 17/22 для диапазона итераций 7272720-7727265
2024-04-01 22:25:25,851 - INFO - Старт воркера 18/22 для диапазона итераций 7727265-8181810
2024-04-01 22:25:25,889 - INFO - Старт воркера 19/22 для диапазона итераций 8181810-8636355
2024-04-01 22:25:25,995 - INFO - Старт воркера 20/22 для диапазона итераций 8636355-9090900
2024-04-01 22:25:26,046 - INFO - Старт воркера 21/22 для диапазона итераций 9090900-9545445
2024-04-01 22:25:26,046 - INFO - Старт воркера 22/22 для диапазона итераций 9545445-10000000
2024-04-01 22:25:26,207 - INFO - Завершение работы всех воркеров

2024-04-01 22:25:26,259 - INFO - Старт ProcessPoolExecutor, количество jobs: 23
2024-04-01 22:25:26,260 - INFO - Старт воркера 1/23 для диапазона итераций 0-434782
2024-04-01 22:25:26,266 - INFO - Старт воркера 2/23 для диапазона итераций 434782-869564
2024-04-01 22:25:26,272 - INFO - Старт воркера 3/23 для диапазона итераций 869564-1304346
2024-04-01 22:25:26,279 - INFO - Старт воркера 4/23 для диапазона итераций 1304346-1739128
2024-04-01 22:25:26,287 - INFO - Старт воркера 5/23 для диапазона итераций 1739128-2173910
2024-04-01 22:25:26,298 - INFO - Старт воркера 6/23 для диапазона итераций 2173910-2608692
2024-04-01 22:25:26,308 - INFO - Старт воркера 7/23 для диапазона итераций 2608692-3043474
2024-04-01 22:25:26,317 - INFO - Старт воркера 8/23 для диапазона итераций 3043474-3478256
2024-04-01 22:25:26,325 - INFO - Старт воркера 9/23 для диапазона итераций 3478256-3913038
2024-04-01 22:25:26,334 - INFO - Старт воркера 10/23 для диапазона итераций 3913038-4347820
2024-04-01 22:25:26,344 - INFO - Старт воркера 11/23 для диапазона итераций 4347820-4782602
2024-04-01 22:25:26,352 - INFO - Старт воркера 12/23 для диапазона итераций 4782602-5217384
2024-04-01 22:25:26,362 - INFO - Старт воркера 13/23 для диапазона итераций 5217384-5652166
2024-04-01 22:25:26,370 - INFO - Старт воркера 14/23 для диапазона итераций 5652166-6086948
2024-04-01 22:25:26,379 - INFO - Старт воркера 15/23 для диапазона итераций 6086948-6521730
2024-04-01 22:25:26,390 - INFO - Старт воркера 16/23 для диапазона итераций 6521730-6956512
2024-04-01 22:25:26,399 - INFO - Старт воркера 17/23 для диапазона итераций 6956512-7391294
2024-04-01 22:25:26,409 - INFO - Старт воркера 18/23 для диапазона итераций 7391294-7826076
2024-04-01 22:25:26,417 - INFO - Старт воркера 19/23 для диапазона итераций 7826076-8260858
2024-04-01 22:25:26,435 - INFO - Старт воркера 20/23 для диапазона итераций 8260858-8695640
2024-04-01 22:25:26,444 - INFO - Старт воркера 21/23 для диапазона итераций 8695640-9130422
2024-04-01 22:25:26,457 - INFO - Старт воркера 22/23 для диапазона итераций 9130422-9565204
2024-04-01 22:25:26,470 - INFO - Старт воркера 23/23 для диапазона итераций 9565204-10000000
2024-04-01 22:25:26,796 - INFO - Завершение работы всех воркеров

2024-04-01 22:25:26,869 - INFO - Старт ProcessPoolExecutor, количество jobs: 24
2024-04-01 22:25:26,870 - INFO - Старт воркера 1/24 для диапазона итераций 0-416666
2024-04-01 22:25:26,876 - INFO - Старт воркера 2/24 для диапазона итераций 416666-833332
2024-04-01 22:25:26,883 - INFO - Старт воркера 3/24 для диапазона итераций 833332-1249998
2024-04-01 22:25:26,890 - INFO - Старт воркера 4/24 для диапазона итераций 1249998-1666664
2024-04-01 22:25:26,898 - INFO - Старт воркера 5/24 для диапазона итераций 1666664-2083330
2024-04-01 22:25:26,906 - INFO - Старт воркера 6/24 для диапазона итераций 2083330-2499996
2024-04-01 22:25:26,914 - INFO - Старт воркера 7/24 для диапазона итераций 2499996-2916662
2024-04-01 22:25:26,922 - INFO - Старт воркера 8/24 для диапазона итераций 2916662-3333328
2024-04-01 22:25:26,930 - INFO - Старт воркера 9/24 для диапазона итераций 3333328-3749994
2024-04-01 22:25:26,940 - INFO - Старт воркера 10/24 для диапазона итераций 3749994-4166660
2024-04-01 22:25:26,949 - INFO - Старт воркера 11/24 для диапазона итераций 4166660-4583326
2024-04-01 22:25:26,957 - INFO - Старт воркера 12/24 для диапазона итераций 4583326-4999992
2024-04-01 22:25:26,966 - INFO - Старт воркера 13/24 для диапазона итераций 4999992-5416658
2024-04-01 22:25:26,975 - INFO - Старт воркера 14/24 для диапазона итераций 5416658-5833324
2024-04-01 22:25:26,985 - INFO - Старт воркера 15/24 для диапазона итераций 5833324-6249990
2024-04-01 22:25:26,994 - INFO - Старт воркера 16/24 для диапазона итераций 6249990-6666656
2024-04-01 22:25:27,003 - INFO - Старт воркера 17/24 для диапазона итераций 6666656-7083322
2024-04-01 22:25:27,011 - INFO - Старт воркера 18/24 для диапазона итераций 7083322-7499988
2024-04-01 22:25:27,024 - INFO - Старт воркера 19/24 для диапазона итераций 7499988-7916654
2024-04-01 22:25:27,044 - INFO - Старт воркера 20/24 для диапазона итераций 7916654-8333320
2024-04-01 22:25:27,056 - INFO - Старт воркера 21/24 для диапазона итераций 8333320-8749986
2024-04-01 22:25:27,067 - INFO - Старт воркера 22/24 для диапазона итераций 8749986-9166652
2024-04-01 22:25:27,078 - INFO - Старт воркера 23/24 для диапазона итераций 9166652-9583318
2024-04-01 22:25:27,086 - INFO - Старт воркера 24/24 для диапазона итераций 9583318-10000000
2024-04-01 22:25:27,417 - INFO - Завершение работы всех воркеров

